2025-02-15 19:29:20 [main] INFO  com.donerhome.Main - Starting Main using Java 21.0.6 with PID 27394 (/Users/katerinaivanova/JavaProject/DonerHomeWeb/target/classes started by katerinaivanova in /Users/katerinaivanova/JavaProject/DonerHomeWeb)
2025-02-15 19:29:20 [main] INFO  com.donerhome.Main - No active profile set, falling back to 1 default profile: "default"
2025-02-15 19:29:21 [main] INFO  org.springframework.data.repository.config.RepositoryConfigurationDelegate - Bootstrapping Spring Data JPA repositories in DEFAULT mode.
2025-02-15 19:29:21 [main] INFO  org.springframework.data.repository.config.RepositoryConfigurationDelegate - Finished Spring Data repository scanning in 37 ms. Found 5 JPA repository interfaces.
2025-02-15 19:29:21 [main] INFO  org.springframework.boot.web.embedded.tomcat.TomcatWebServer - Tomcat initialized with port 8443 (https)
2025-02-15 19:29:21 [main] INFO  org.apache.coyote.http11.Http11NioProtocol - Initializing ProtocolHandler ["https-jsse-nio-8443"]
2025-02-15 19:29:21 [main] INFO  org.apache.catalina.core.StandardService - Starting service [Tomcat]
2025-02-15 19:29:21 [main] INFO  org.apache.catalina.core.StandardEngine - Starting Servlet engine: [Apache Tomcat/10.1.25]
2025-02-15 19:29:21 [main] INFO  org.apache.catalina.core.ContainerBase.[Tomcat].[localhost].[/] - Initializing Spring embedded WebApplicationContext
2025-02-15 19:29:21 [main] INFO  org.springframework.boot.web.servlet.context.ServletWebServerApplicationContext - Root WebApplicationContext: initialization completed in 885 ms
2025-02-15 19:29:21 [main] INFO  org.hibernate.jpa.internal.util.LogHelper - HHH000204: Processing PersistenceUnitInfo [name: default]
2025-02-15 19:29:21 [main] INFO  org.hibernate.Version - HHH000412: Hibernate ORM core version 6.5.2.Final
2025-02-15 19:29:21 [main] INFO  org.hibernate.cache.internal.RegionFactoryInitiator - HHH000026: Second-level cache disabled
2025-02-15 19:29:21 [main] INFO  org.springframework.orm.jpa.persistenceunit.SpringPersistenceUnitInfo - No LoadTimeWeaver setup: ignoring JPA class transformer
2025-02-15 19:29:21 [main] INFO  com.zaxxer.hikari.HikariDataSource - HikariPool-1 - Starting...
2025-02-15 19:29:22 [main] INFO  com.zaxxer.hikari.pool.HikariPool - HikariPool-1 - Added connection org.postgresql.jdbc.PgConnection@195498aa
2025-02-15 19:29:22 [main] INFO  com.zaxxer.hikari.HikariDataSource - HikariPool-1 - Start completed.
2025-02-15 19:29:22 [main] INFO  org.hibernate.engine.transaction.jta.platform.internal.JtaPlatformInitiator - HHH000489: No JTA platform available (set 'hibernate.transaction.jta.platform' to enable JTA platform integration)
2025-02-15 19:29:22 [main] INFO  org.springframework.orm.jpa.LocalContainerEntityManagerFactoryBean - Initialized JPA EntityManagerFactory for persistence unit 'default'
2025-02-15 19:29:22 [main] INFO  org.springframework.data.jpa.repository.query.QueryEnhancerFactory - Hibernate is in classpath; If applicable, HQL parser will be used.
2025-02-15 19:29:23 [main] WARN  org.springframework.boot.autoconfigure.orm.jpa.JpaBaseConfiguration$JpaWebConfiguration - spring.jpa.open-in-view is enabled by default. Therefore, database queries may be performed during view rendering. Explicitly configure spring.jpa.open-in-view to disable this warning
2025-02-15 19:29:23 [main] WARN  org.springframework.boot.autoconfigure.security.servlet.UserDetailsServiceAutoConfiguration - 

Using generated security password: bcf3e0d1-0431-49df-8f43-96cb5a14ac4f

This generated password is for development use only. Your security configuration must be updated before running your application in production.

2025-02-15 19:29:23 [main] INFO  org.springframework.security.config.annotation.authentication.configuration.InitializeUserDetailsBeanManagerConfigurer$InitializeUserDetailsManagerConfigurer - Global AuthenticationManager configured with UserDetailsService bean with name inMemoryUserDetailsManager
2025-02-15 19:29:23 [main] INFO  org.springframework.security.web.access.channel.ChannelProcessingFilter - Validated configuration attributes
2025-02-15 19:29:23 [main] INFO  org.apache.coyote.http11.Http11NioProtocol - Starting ProtocolHandler ["https-jsse-nio-8443"]
2025-02-15 19:29:23 [main] INFO  org.apache.tomcat.util.net.NioEndpoint.certificate - Connector [https-jsse-nio-8443], TLS virtual host [_default_], certificate type [UNDEFINED] configured from keystore [/Users/katerinaivanova/.keystore] using alias [mycert] with trust store [null]
2025-02-15 19:29:23 [main] INFO  org.springframework.boot.web.embedded.tomcat.TomcatWebServer - Tomcat started on port 8443 (https) with context path '/'
2025-02-15 19:29:23 [main] INFO  com.donerhome.Main - Started Main in 3.158 seconds (process running for 3.835)
2025-02-15 19:29:55 [SpringApplicationShutdownHook] INFO  org.springframework.orm.jpa.LocalContainerEntityManagerFactoryBean - Closing JPA EntityManagerFactory for persistence unit 'default'
2025-02-15 19:29:55 [SpringApplicationShutdownHook] INFO  com.zaxxer.hikari.HikariDataSource - HikariPool-1 - Shutdown initiated...
2025-02-15 19:29:55 [SpringApplicationShutdownHook] INFO  com.zaxxer.hikari.HikariDataSource - HikariPool-1 - Shutdown completed.
2025-02-15 19:30:17 [main] INFO  com.donerhome.Main - Starting Main using Java 21.0.6 with PID 27465 (/Users/katerinaivanova/JavaProject/DonerHomeWeb/target/classes started by katerinaivanova in /Users/katerinaivanova/JavaProject/DonerHomeWeb)
2025-02-15 19:30:17 [main] INFO  com.donerhome.Main - No active profile set, falling back to 1 default profile: "default"
2025-02-15 19:30:17 [main] INFO  org.springframework.data.repository.config.RepositoryConfigurationDelegate - Bootstrapping Spring Data JPA repositories in DEFAULT mode.
2025-02-15 19:30:17 [main] INFO  org.springframework.data.repository.config.RepositoryConfigurationDelegate - Finished Spring Data repository scanning in 30 ms. Found 5 JPA repository interfaces.
2025-02-15 19:30:17 [main] INFO  org.springframework.boot.web.embedded.tomcat.TomcatWebServer - Tomcat initialized with port 8443 (https)
2025-02-15 19:30:17 [main] INFO  org.apache.coyote.http11.Http11NioProtocol - Initializing ProtocolHandler ["https-jsse-nio-8443"]
2025-02-15 19:30:17 [main] INFO  org.apache.catalina.core.StandardService - Starting service [Tomcat]
2025-02-15 19:30:17 [main] INFO  org.apache.catalina.core.StandardEngine - Starting Servlet engine: [Apache Tomcat/10.1.25]
2025-02-15 19:30:17 [main] INFO  org.apache.catalina.core.ContainerBase.[Tomcat].[localhost].[/] - Initializing Spring embedded WebApplicationContext
2025-02-15 19:30:17 [main] INFO  org.springframework.boot.web.servlet.context.ServletWebServerApplicationContext - Root WebApplicationContext: initialization completed in 860 ms
2025-02-15 19:30:18 [main] INFO  org.hibernate.jpa.internal.util.LogHelper - HHH000204: Processing PersistenceUnitInfo [name: default]
2025-02-15 19:30:18 [main] INFO  org.hibernate.Version - HHH000412: Hibernate ORM core version 6.5.2.Final
2025-02-15 19:30:18 [main] INFO  org.hibernate.cache.internal.RegionFactoryInitiator - HHH000026: Second-level cache disabled
2025-02-15 19:30:18 [main] INFO  org.springframework.orm.jpa.persistenceunit.SpringPersistenceUnitInfo - No LoadTimeWeaver setup: ignoring JPA class transformer
2025-02-15 19:30:18 [main] INFO  com.zaxxer.hikari.HikariDataSource - HikariPool-1 - Starting...
2025-02-15 19:30:18 [main] INFO  com.zaxxer.hikari.pool.HikariPool - HikariPool-1 - Added connection org.postgresql.jdbc.PgConnection@793d09e
2025-02-15 19:30:18 [main] INFO  com.zaxxer.hikari.HikariDataSource - HikariPool-1 - Start completed.
2025-02-15 19:30:18 [main] INFO  org.hibernate.engine.transaction.jta.platform.internal.JtaPlatformInitiator - HHH000489: No JTA platform available (set 'hibernate.transaction.jta.platform' to enable JTA platform integration)
2025-02-15 19:30:18 [main] INFO  org.springframework.orm.jpa.LocalContainerEntityManagerFactoryBean - Initialized JPA EntityManagerFactory for persistence unit 'default'
2025-02-15 19:30:19 [main] INFO  org.springframework.data.jpa.repository.query.QueryEnhancerFactory - Hibernate is in classpath; If applicable, HQL parser will be used.
2025-02-15 19:30:19 [main] WARN  org.springframework.boot.autoconfigure.orm.jpa.JpaBaseConfiguration$JpaWebConfiguration - spring.jpa.open-in-view is enabled by default. Therefore, database queries may be performed during view rendering. Explicitly configure spring.jpa.open-in-view to disable this warning
2025-02-15 19:30:19 [main] WARN  org.springframework.boot.autoconfigure.security.servlet.UserDetailsServiceAutoConfiguration - 

Using generated security password: 2a58e28a-4301-4d60-893e-97d58f7276a4

This generated password is for development use only. Your security configuration must be updated before running your application in production.

2025-02-15 19:30:19 [main] INFO  org.springframework.security.config.annotation.authentication.configuration.InitializeUserDetailsBeanManagerConfigurer$InitializeUserDetailsManagerConfigurer - Global AuthenticationManager configured with UserDetailsService bean with name inMemoryUserDetailsManager
2025-02-15 19:30:19 [main] INFO  org.springframework.security.web.access.channel.ChannelProcessingFilter - Validated configuration attributes
2025-02-15 19:30:19 [main] INFO  org.apache.coyote.http11.Http11NioProtocol - Starting ProtocolHandler ["https-jsse-nio-8443"]
2025-02-15 19:30:20 [main] INFO  org.apache.tomcat.util.net.NioEndpoint.certificate - Connector [https-jsse-nio-8443], TLS virtual host [_default_], certificate type [UNDEFINED] configured from keystore [/Users/katerinaivanova/.keystore] using alias [mycert] with trust store [null]
2025-02-15 19:30:20 [main] INFO  org.springframework.boot.web.embedded.tomcat.TomcatWebServer - Tomcat started on port 8443 (https) with context path '/'
2025-02-15 19:30:20 [main] INFO  com.donerhome.Main - Started Main in 3.219 seconds (process running for 3.858)
2025-02-15 19:30:25 [https-jsse-nio-8443-exec-9] INFO  org.apache.catalina.core.ContainerBase.[Tomcat].[localhost].[/] - Initializing Spring DispatcherServlet 'dispatcherServlet'
2025-02-15 19:30:25 [https-jsse-nio-8443-exec-9] INFO  org.springframework.web.servlet.DispatcherServlet - Initializing Servlet 'dispatcherServlet'
2025-02-15 19:30:25 [https-jsse-nio-8443-exec-9] INFO  org.springframework.web.servlet.DispatcherServlet - Completed initialization in 1 ms
2025-02-15 19:30:25 [https-jsse-nio-8443-exec-9] INFO  com.donerhome.controller.AuthController - Home endpoint called
2025-02-15 19:30:25 [https-jsse-nio-8443-exec-9] INFO  com.donerhome.controller.AuthController - This is an info message
2025-02-15 19:30:25 [https-jsse-nio-8443-exec-9] WARN  com.donerhome.controller.AuthController - This is a warn message
2025-02-15 19:30:25 [https-jsse-nio-8443-exec-9] ERROR com.donerhome.controller.AuthController - This is an error message
2025-02-15 19:31:22 [SpringApplicationShutdownHook] INFO  org.springframework.orm.jpa.LocalContainerEntityManagerFactoryBean - Closing JPA EntityManagerFactory for persistence unit 'default'
2025-02-15 19:31:22 [SpringApplicationShutdownHook] INFO  com.zaxxer.hikari.HikariDataSource - HikariPool-1 - Shutdown initiated...
2025-02-15 19:31:22 [SpringApplicationShutdownHook] INFO  com.zaxxer.hikari.HikariDataSource - HikariPool-1 - Shutdown completed.
2025-02-18T12:13:33.962+01:00 INFO  com.donerhome.utils.PasswordUtils - Starting password hashing
2025-02-18T12:13:34.118+01:00 INFO  com.donerhome.controller.AuthController - Login attempt for email: test@example.com
2025-02-18T12:13:34.120+01:00 DEBUG com.donerhome.controller.AuthController - Fetched user with ID: 1
2025-02-18T12:13:34.120+01:00 INFO  com.donerhome.utils.PasswordUtils - Starting password verification
2025-02-18T12:13:34.230+01:00 INFO  com.donerhome.controller.AuthController - Password matched for user ID: 1
2025-02-18T12:13:34.233+01:00 INFO  com.donerhome.utils.TokenGenerator - Generating access token for user: 1
2025-02-18T12:13:34.233+01:00 INFO  com.donerhome.utils.TokenGenerator - Access token generated successfully for user: 1
2025-02-18T12:13:34.320+01:00 INFO  com.donerhome.utils.TokenGenerator - Generating a new refresh token
2025-02-18T12:13:34.320+01:00 INFO  com.donerhome.utils.TokenGenerator - Refresh token generated successfully
2025-02-18T12:13:34.321+01:00 INFO  com.donerhome.utils.SHA256 - Starting SHA-256 hashing process
2025-02-18T12:13:34.321+01:00 INFO  com.donerhome.utils.SHA256 - SHA-256 hashing completed successfully
2025-02-18T12:13:34.321+01:00 INFO  com.donerhome.utils.SHA256 - Converted byte array to hexadecimal format
2025-02-18T12:13:34.322+01:00 INFO  com.donerhome.controller.AuthController - Tokens generated and saved for user ID: 1
2025-02-18T12:13:34.322+01:00 DEBUG com.donerhome.controller.AuthController - Building AuthDTO for user ID: 1
2025-02-18T12:13:34.322+01:00 DEBUG com.donerhome.controller.AuthController - AuthDTO created for user ID: 1
2025-02-18T12:13:34.336+01:00 INFO  com.donerhome.utils.PasswordUtils - Starting password hashing
2025-02-18T12:13:34.447+01:00 INFO  com.donerhome.controller.AuthController - Home endpoint called
2025-02-18T12:13:34.449+01:00 INFO  com.donerhome.utils.PasswordUtils - Starting password hashing
2025-02-18T12:13:34.560+01:00 INFO  com.donerhome.utils.SHA256 - Starting SHA-256 hashing process
2025-02-18T12:13:34.560+01:00 INFO  com.donerhome.utils.SHA256 - SHA-256 hashing completed successfully
2025-02-18T12:13:34.561+01:00 INFO  com.donerhome.utils.SHA256 - Converted byte array to hexadecimal format
2025-02-18T12:13:34.561+01:00 INFO  com.donerhome.controller.AuthController - Begin endpoint called
2025-02-18T12:13:34.561+01:00 INFO  com.donerhome.utils.SHA256 - Starting SHA-256 hashing process
2025-02-18T12:13:34.562+01:00 INFO  com.donerhome.utils.SHA256 - SHA-256 hashing completed successfully
2025-02-18T12:13:34.562+01:00 INFO  com.donerhome.utils.SHA256 - Converted byte array to hexadecimal format
2025-02-18T12:13:34.562+01:00 DEBUG com.donerhome.controller.AuthController - Hashed refresh token: 37358d092508668e00565187c0d9870f46d5c1ae843e6f8afe2b1182b99d2541
2025-02-18T12:13:34.562+01:00 WARN  com.donerhome.controller.AuthController - Invalid refresh token provided
2025-02-18T12:13:34.574+01:00 INFO  com.donerhome.utils.PasswordUtils - Starting password hashing
2025-02-18T12:13:34.685+01:00 INFO  com.donerhome.controller.AuthController - Login attempt for email: test@example.com
2025-02-18T12:13:34.686+01:00 DEBUG com.donerhome.controller.AuthController - Fetched user with ID: 1
2025-02-18T12:13:34.686+01:00 INFO  com.donerhome.utils.PasswordUtils - Starting password verification
2025-02-18T12:13:34.795+01:00 WARN  com.donerhome.controller.AuthController - Unauthorized login attempt for email: test@example.com
2025-02-18T12:13:34.799+01:00 INFO  com.donerhome.utils.PasswordUtils - Starting password hashing
2025-02-18T12:13:34.910+01:00 DEBUG com.donerhome.controller.AuthController - Building AuthDTO for user ID: 1
2025-02-18T12:13:34.914+01:00 INFO  com.donerhome.utils.PasswordUtils - Starting password hashing
2025-02-18T12:13:35.024+01:00 INFO  com.donerhome.utils.SHA256 - Starting SHA-256 hashing process
2025-02-18T12:13:35.025+01:00 INFO  com.donerhome.utils.SHA256 - SHA-256 hashing completed successfully
2025-02-18T12:13:35.025+01:00 INFO  com.donerhome.utils.SHA256 - Converted byte array to hexadecimal format
2025-02-18T12:13:35.025+01:00 INFO  com.donerhome.controller.AuthController - Begin endpoint called
2025-02-18T12:13:35.026+01:00 INFO  com.donerhome.utils.SHA256 - Starting SHA-256 hashing process
2025-02-18T12:13:35.026+01:00 INFO  com.donerhome.utils.SHA256 - SHA-256 hashing completed successfully
2025-02-18T12:13:35.026+01:00 INFO  com.donerhome.utils.SHA256 - Converted byte array to hexadecimal format
2025-02-18T12:13:35.026+01:00 DEBUG com.donerhome.controller.AuthController - Hashed refresh token: 37358d092508668e00565187c0d9870f46d5c1ae843e6f8afe2b1182b99d2541
2025-02-18T12:13:35.026+01:00 WARN  com.donerhome.controller.AuthController - Invalid refresh token provided
2025-02-18T12:13:35.029+01:00 INFO  com.donerhome.utils.PasswordUtils - Starting password hashing
2025-02-18T12:13:35.140+01:00 INFO  com.donerhome.utils.SHA256 - Starting SHA-256 hashing process
2025-02-18T12:13:35.140+01:00 INFO  com.donerhome.utils.SHA256 - SHA-256 hashing completed successfully
2025-02-18T12:13:35.140+01:00 INFO  com.donerhome.utils.SHA256 - Converted byte array to hexadecimal format
2025-02-18T12:15:27.714+01:00 INFO  com.donerhome.utils.PasswordUtils - Starting password hashing
2025-02-18T12:15:27.868+01:00 INFO  com.donerhome.controller.AuthController - Login attempt for email: test@example.com
2025-02-18T12:15:27.869+01:00 DEBUG com.donerhome.controller.AuthController - Fetched user with ID: 1
2025-02-18T12:15:27.870+01:00 INFO  com.donerhome.utils.PasswordUtils - Starting password verification
2025-02-18T12:15:27.980+01:00 INFO  com.donerhome.controller.AuthController - Password matched for user ID: 1
2025-02-18T12:15:27.983+01:00 INFO  com.donerhome.utils.TokenGenerator - Generating access token for user: 1
2025-02-18T12:15:27.983+01:00 INFO  com.donerhome.utils.TokenGenerator - Access token generated successfully for user: 1
2025-02-18T12:15:28.068+01:00 INFO  com.donerhome.utils.TokenGenerator - Generating a new refresh token
2025-02-18T12:15:28.069+01:00 INFO  com.donerhome.utils.TokenGenerator - Refresh token generated successfully
2025-02-18T12:15:28.069+01:00 INFO  com.donerhome.utils.SHA256 - Starting SHA-256 hashing process
2025-02-18T12:15:28.069+01:00 INFO  com.donerhome.utils.SHA256 - SHA-256 hashing completed successfully
2025-02-18T12:15:28.070+01:00 INFO  com.donerhome.utils.SHA256 - Converted byte array to hexadecimal format
2025-02-18T12:15:28.070+01:00 INFO  com.donerhome.controller.AuthController - Tokens generated and saved for user ID: 1
2025-02-18T12:15:28.070+01:00 DEBUG com.donerhome.controller.AuthController - Building AuthDTO for user ID: 1
2025-02-18T12:15:28.071+01:00 DEBUG com.donerhome.controller.AuthController - AuthDTO created for user ID: 1
2025-02-18T12:15:28.086+01:00 INFO  com.donerhome.utils.PasswordUtils - Starting password hashing
2025-02-18T12:15:28.196+01:00 INFO  com.donerhome.controller.AuthController - Home endpoint called
2025-02-18T12:15:28.199+01:00 INFO  com.donerhome.utils.PasswordUtils - Starting password hashing
2025-02-18T12:15:28.309+01:00 INFO  com.donerhome.utils.SHA256 - Starting SHA-256 hashing process
2025-02-18T12:15:28.310+01:00 INFO  com.donerhome.utils.SHA256 - SHA-256 hashing completed successfully
2025-02-18T12:15:28.310+01:00 INFO  com.donerhome.utils.SHA256 - Converted byte array to hexadecimal format
2025-02-18T12:15:28.310+01:00 INFO  com.donerhome.controller.AuthController - Begin endpoint called
2025-02-18T12:15:28.310+01:00 INFO  com.donerhome.utils.SHA256 - Starting SHA-256 hashing process
2025-02-18T12:15:28.311+01:00 INFO  com.donerhome.utils.SHA256 - SHA-256 hashing completed successfully
2025-02-18T12:15:28.311+01:00 INFO  com.donerhome.utils.SHA256 - Converted byte array to hexadecimal format
2025-02-18T12:15:28.311+01:00 DEBUG com.donerhome.controller.AuthController - Hashed refresh token: 37358d092508668e00565187c0d9870f46d5c1ae843e6f8afe2b1182b99d2541
2025-02-18T12:15:28.311+01:00 WARN  com.donerhome.controller.AuthController - Invalid refresh token provided
2025-02-18T12:15:28.321+01:00 INFO  com.donerhome.utils.PasswordUtils - Starting password hashing
2025-02-18T12:15:28.431+01:00 INFO  com.donerhome.controller.AuthController - Login attempt for email: test@example.com
2025-02-18T12:15:28.432+01:00 DEBUG com.donerhome.controller.AuthController - Fetched user with ID: 1
2025-02-18T12:15:28.432+01:00 INFO  com.donerhome.utils.PasswordUtils - Starting password verification
2025-02-18T12:15:28.542+01:00 WARN  com.donerhome.controller.AuthController - Unauthorized login attempt for email: test@example.com
2025-02-18T12:15:28.545+01:00 INFO  com.donerhome.utils.PasswordUtils - Starting password hashing
2025-02-18T12:15:28.656+01:00 DEBUG com.donerhome.controller.AuthController - Building AuthDTO for user ID: 1
2025-02-18T12:15:28.661+01:00 INFO  com.donerhome.utils.PasswordUtils - Starting password hashing
2025-02-18T12:15:28.771+01:00 INFO  com.donerhome.utils.SHA256 - Starting SHA-256 hashing process
2025-02-18T12:15:28.771+01:00 INFO  com.donerhome.utils.SHA256 - SHA-256 hashing completed successfully
2025-02-18T12:15:28.772+01:00 INFO  com.donerhome.utils.SHA256 - Converted byte array to hexadecimal format
2025-02-18T12:15:28.772+01:00 INFO  com.donerhome.controller.AuthController - Begin endpoint called
2025-02-18T12:15:28.772+01:00 INFO  com.donerhome.utils.SHA256 - Starting SHA-256 hashing process
2025-02-18T12:15:28.773+01:00 INFO  com.donerhome.utils.SHA256 - SHA-256 hashing completed successfully
2025-02-18T12:15:28.773+01:00 INFO  com.donerhome.utils.SHA256 - Converted byte array to hexadecimal format
2025-02-18T12:15:28.773+01:00 DEBUG com.donerhome.controller.AuthController - Hashed refresh token: 37358d092508668e00565187c0d9870f46d5c1ae843e6f8afe2b1182b99d2541
2025-02-18T12:15:28.773+01:00 WARN  com.donerhome.controller.AuthController - Invalid refresh token provided
2025-02-18T12:15:28.776+01:00 INFO  com.donerhome.utils.PasswordUtils - Starting password hashing
2025-02-18T12:15:28.887+01:00 INFO  com.donerhome.utils.SHA256 - Starting SHA-256 hashing process
2025-02-18T12:15:28.887+01:00 INFO  com.donerhome.utils.SHA256 - SHA-256 hashing completed successfully
2025-02-18T12:15:28.887+01:00 INFO  com.donerhome.utils.SHA256 - Converted byte array to hexadecimal format
